{"level":"info","message":"Settings table checked/created successfully","service":"user-inactivity-service","timestamp":"2026-01-20 17:48:50"}
{"level":"info","message":"Settings module initialized successfully","service":"user-inactivity-service","timestamp":"2026-01-20 17:48:53"}
{"level":"info","message":"Settings table checked/created successfully","service":"user-inactivity-service","timestamp":"2026-01-20 17:51:51"}
{"level":"info","message":"Settings module initialized successfully","service":"user-inactivity-service","timestamp":"2026-01-20 17:51:54"}
{"level":"error","message":"Error ensuring settings table exists: \nInvalid `prisma.$queryRaw()` invocation:\n\n\nCan't reach database server at `ep-lingering-cherry-ady4f9rf-pooler.c-2.us-east-1.aws.neon.tech:5432`\n\nPlease make sure your database server is running at `ep-lingering-cherry-ady4f9rf-pooler.c-2.us-east-1.aws.neon.tech:5432`.","service":"user-inactivity-service","timestamp":"2026-01-22 03:38:57"}
{"level":"error","message":"Failed to initialize settings module: \nInvalid `prisma.$queryRaw()` invocation:\n\n\nCan't reach database server at `ep-lingering-cherry-ady4f9rf-pooler.c-2.us-east-1.aws.neon.tech:5432`\n\nPlease make sure your database server is running at `ep-lingering-cherry-ady4f9rf-pooler.c-2.us-east-1.aws.neon.tech:5432`.","service":"user-inactivity-service","timestamp":"2026-01-22 03:38:57"}
{"level":"info","message":"Settings table checked/created successfully","service":"user-inactivity-service","timestamp":"2026-01-22 03:52:09"}
{"level":"info","message":"Settings module initialized successfully","service":"user-inactivity-service","timestamp":"2026-01-22 03:52:09"}
{"level":"info","message":"Settings table checked/created successfully","service":"user-inactivity-service","timestamp":"2026-01-22 03:56:23"}
{"level":"info","message":"Settings module initialized successfully","service":"user-inactivity-service","timestamp":"2026-01-22 03:56:24"}
{"level":"info","message":"Settings table checked/created successfully","service":"user-inactivity-service","timestamp":"2026-01-22 03:56:29"}
{"level":"info","message":"Settings module initialized successfully","service":"user-inactivity-service","timestamp":"2026-01-22 03:56:29"}
{"level":"info","message":"Settings table checked/created successfully","service":"user-inactivity-service","timestamp":"2026-01-22 03:58:50"}
{"level":"info","message":"Settings module initialized successfully","service":"user-inactivity-service","timestamp":"2026-01-22 03:58:50"}
{"level":"info","message":"Settings table checked/created successfully","service":"user-inactivity-service","timestamp":"2026-01-22 04:02:48"}
{"level":"info","message":"Settings module initialized successfully","service":"user-inactivity-service","timestamp":"2026-01-22 04:02:48"}
{"level":"info","message":"Settings table checked/created successfully","service":"user-inactivity-service","timestamp":"2026-01-22 04:03:38"}
{"level":"info","message":"Settings module initialized successfully","service":"user-inactivity-service","timestamp":"2026-01-22 04:03:39"}
{"level":"info","message":"Settings table checked/created successfully","service":"user-inactivity-service","timestamp":"2026-01-22 14:39:10"}
{"level":"info","message":"Settings module initialized successfully","service":"user-inactivity-service","timestamp":"2026-01-22 14:39:12"}
{"level":"info","message":"Settings table checked/created successfully","service":"user-inactivity-service","timestamp":"2026-01-22 14:39:22"}
{"level":"info","message":"Settings module initialized successfully","service":"user-inactivity-service","timestamp":"2026-01-22 14:39:24"}
{"level":"info","message":"Settings table checked/created successfully","service":"user-inactivity-service","timestamp":"2026-01-23 19:47:15"}
{"level":"info","message":"Settings module initialized successfully","service":"user-inactivity-service","timestamp":"2026-01-23 19:47:18"}
{"level":"info","message":"Settings table checked/created successfully","service":"user-inactivity-service","timestamp":"2026-01-23 20:55:37"}
{"level":"info","message":"Settings table checked/created successfully","service":"user-inactivity-service","timestamp":"2026-01-25 10:08:04"}
{"level":"info","message":"Settings module initialized successfully","service":"user-inactivity-service","timestamp":"2026-01-25 10:08:07"}
{"level":"info","message":"Settings table checked/created successfully","service":"user-inactivity-service","timestamp":"2026-01-25 10:09:35"}
{"level":"info","message":"Settings module initialized successfully","service":"user-inactivity-service","timestamp":"2026-01-25 10:09:38"}
{"level":"info","message":"Settings table checked/created successfully","service":"user-inactivity-service","timestamp":"2026-01-25 10:09:51"}
{"level":"info","message":"Settings module initialized successfully","service":"user-inactivity-service","timestamp":"2026-01-25 10:09:55"}
{"level":"info","message":"Settings table checked/created successfully","service":"user-inactivity-service","timestamp":"2026-01-25 10:10:07"}
{"level":"info","message":"Settings module initialized successfully","service":"user-inactivity-service","timestamp":"2026-01-25 10:10:10"}
{"level":"info","message":"Settings table checked/created successfully","service":"user-inactivity-service","timestamp":"2026-01-25 10:10:23"}
{"level":"info","message":"Settings table checked/created successfully","service":"user-inactivity-service","timestamp":"2026-01-25 10:10:27"}
{"level":"info","message":"Settings module initialized successfully","service":"user-inactivity-service","timestamp":"2026-01-25 10:10:29"}
{"level":"info","message":"Settings table checked/created successfully","service":"user-inactivity-service","timestamp":"2026-01-25 10:10:39"}
{"level":"info","message":"Settings module initialized successfully","service":"user-inactivity-service","timestamp":"2026-01-25 10:10:42"}
{"level":"info","message":"Settings table checked/created successfully","service":"user-inactivity-service","timestamp":"2026-01-25 10:10:48"}
{"level":"info","message":"Settings module initialized successfully","service":"user-inactivity-service","timestamp":"2026-01-25 10:10:51"}
{"level":"info","message":"Settings table checked/created successfully","service":"user-inactivity-service","timestamp":"2026-01-25 10:11:02"}
{"level":"info","message":"Settings module initialized successfully","service":"user-inactivity-service","timestamp":"2026-01-25 10:11:05"}
{"level":"info","message":"Settings table checked/created successfully","service":"user-inactivity-service","timestamp":"2026-01-25 10:11:12"}
{"level":"info","message":"Settings table checked/created successfully","service":"user-inactivity-service","timestamp":"2026-01-25 10:11:16"}
{"level":"info","message":"Settings table checked/created successfully","service":"user-inactivity-service","timestamp":"2026-01-25 10:11:22"}
{"level":"info","message":"Settings module initialized successfully","service":"user-inactivity-service","timestamp":"2026-01-25 10:11:25"}
{"level":"info","message":"Settings table checked/created successfully","service":"user-inactivity-service","timestamp":"2026-01-25 10:11:33"}
{"level":"info","message":"Settings module initialized successfully","service":"user-inactivity-service","timestamp":"2026-01-25 10:11:36"}
{"level":"info","message":"Settings table checked/created successfully","service":"user-inactivity-service","timestamp":"2026-01-25 10:14:37"}
{"level":"info","message":"Default inactivity threshold setting initialized","service":"user-inactivity-service","timestamp":"2026-01-25 10:14:40"}
{"level":"info","message":"Settings module initialized successfully","service":"user-inactivity-service","timestamp":"2026-01-25 10:14:40"}
{"level":"info","message":"Settings table checked/created successfully","service":"user-inactivity-service","timestamp":"2026-01-25 10:15:13"}
{"level":"info","message":"Settings module initialized successfully","service":"user-inactivity-service","timestamp":"2026-01-25 10:15:15"}
{"level":"info","message":"Settings table checked/created successfully","service":"user-inactivity-service","timestamp":"2026-01-25 10:15:20"}
{"level":"info","message":"Settings module initialized successfully","service":"user-inactivity-service","timestamp":"2026-01-25 10:15:22"}
{"level":"info","message":"Settings table checked/created successfully","service":"user-inactivity-service","timestamp":"2026-01-25 10:15:28"}
{"level":"info","message":"Settings module initialized successfully","service":"user-inactivity-service","timestamp":"2026-01-25 10:15:31"}
{"level":"info","message":"Settings table checked/created successfully","service":"user-inactivity-service","timestamp":"2026-01-25 10:23:55"}
{"level":"info","message":"Settings module initialized successfully","service":"user-inactivity-service","timestamp":"2026-01-25 10:23:58"}
{"level":"info","message":"Settings table checked/created successfully","service":"user-inactivity-service","timestamp":"2026-01-25 10:24:02"}
{"level":"info","message":"Settings module initialized successfully","service":"user-inactivity-service","timestamp":"2026-01-25 10:24:05"}
{"level":"info","message":"Settings table checked/created successfully","service":"user-inactivity-service","timestamp":"2026-01-25 10:24:16"}
{"level":"info","message":"Settings module initialized successfully","service":"user-inactivity-service","timestamp":"2026-01-25 10:24:19"}
{"level":"info","message":"Settings table checked/created successfully","service":"user-inactivity-service","timestamp":"2026-01-25 10:25:05"}
{"level":"info","message":"Settings module initialized successfully","service":"user-inactivity-service","timestamp":"2026-01-25 10:25:08"}
{"level":"info","message":"Settings table checked/created successfully","service":"user-inactivity-service","timestamp":"2026-01-25 10:40:31"}
{"level":"info","message":"Settings module initialized successfully","service":"user-inactivity-service","timestamp":"2026-01-25 10:40:34"}
{"level":"info","message":"Settings table checked/created successfully","service":"user-inactivity-service","timestamp":"2026-01-25 10:44:06"}
{"level":"info","message":"Settings module initialized successfully","service":"user-inactivity-service","timestamp":"2026-01-25 10:44:09"}
{"level":"info","message":"Settings table checked/created successfully","service":"user-inactivity-service","timestamp":"2026-01-25 12:41:15"}
{"level":"info","message":"Settings module initialized successfully","service":"user-inactivity-service","timestamp":"2026-01-25 12:41:18"}
{"level":"info","message":"Settings table checked/created successfully","service":"user-inactivity-service","timestamp":"2026-01-25 13:31:51"}
{"level":"info","message":"Settings module initialized successfully","service":"user-inactivity-service","timestamp":"2026-01-25 13:31:53"}
{"level":"info","message":"Settings table checked/created successfully","service":"user-inactivity-service","timestamp":"2026-01-25 13:39:33"}
{"level":"info","message":"Settings module initialized successfully","service":"user-inactivity-service","timestamp":"2026-01-25 13:39:36"}
